[22/Mar/2026 15:37:43] "GET / HTTP/1.1" 200 32508
[22/Mar/2026 15:37:44,297] - Broken pipe from ('127.0.0.1', 65496)
[22/Mar/2026 15:45:14] "GET / HTTP/1.1" 200 34155
[22/Mar/2026 15:45:14] "GET /static/Images/img7.jpg HTTP/1.1" 304 0
[22/Mar/2026 15:45:14] "GET /static/Images/img5.jpeg HTTP/1.1" 304 0
[22/Mar/2026 15:45:14] "GET /static/Images/img3.jpeg HTTP/1.1" 304 0
[22/Mar/2026 15:45:14] "GET /static/Images/img1.jpeg HTTP/1.1" 304 0
[22/Mar/2026 15:45:14] "GET /static/Images/img8.jpg HTTP/1.1" 304 0
[22/Mar/2026 15:45:14] "GET /static/Images/img4.jpg HTTP/1.1" 304 0
[22/Mar/2026 15:45:14] "GET /static/Images/img2.jpg HTTP/1.1" 304 0
[22/Mar/2026 15:45:14] "GET /static/Images/img6.jpg HTTP/1.1" 304 0
[22/Mar/2026 15:45:14] "GET /static/js/app.js HTTP/1.1" 200 8187
[22/Mar/2026 15:45:14] "GET /static/CSS/style.css HTTP/1.1" 200 8686
Not Found: /favicon.ico
[22/Mar/2026 15:45:16] "GET /favicon.ico HTTP/1.1" 404 11002
[22/Mar/2026 15:45:40] "GET /cart/ HTTP/1.1" 200 10817
[22/Mar/2026 15:46:11] "GET /notifications/json/ HTTP/1.1" 200 33
[22/Mar/2026 15:46:40] "GET /notifications/json/ HTTP/1.1" 200 33
[22/Mar/2026 15:47:11] "GET /notifications/json/ HTTP/1.1" 200 33
[22/Mar/2026 15:47:41] "GET /notifications/json/ HTTP/1.1" 200 33
[22/Mar/2026 15:48:11] "GET /notifications/json/ HTTP/1.1" 200 33
[22/Mar/2026 15:48:23] "GET /search/?q= HTTP/1.1" 200 10577
[22/Mar/2026 15:48:27] "GET /search/?q=chicken HTTP/1.1" 200 12928
[22/Mar/2026 15:48:31] "GET / HTTP/1.1" 200 34155
[22/Mar/2026 15:48:57,980] - Broken pipe from ('127.0.0.1', 64572)
[22/Mar/2026 15:48:57] "GET /category/Street%20Food%20Hits/ HTTP/1.1" 200 12825
[22/Mar/2026 15:49:02] "GET /category/Street%20Food%20Hits/Paneer%20Kathi%20Roll/ HTTP/1.1" 200 13633
[22/Mar/2026 15:49:06] "POST /addtocart/ HTTP/1.1" 200 36
[22/Mar/2026 15:49:12] "GET / HTTP/1.1" 200 31673
[22/Mar/2026 15:49:20] "GET /cart/ HTTP/1.1" 200 11916
[22/Mar/2026 15:49:28] "GET /checkout/ HTTP/1.1" 200 12410
[22/Mar/2026 15:49:36] "GET /delivery-availability/?pincode=affsfs HTTP/1.1" 200 85
[22/Mar/2026 15:49:48] "POST /checkout/ HTTP/1.1" 302 0
[22/Mar/2026 15:49:48] "GET /checkout/ HTTP/1.1" 200 12709
[22/Mar/2026 15:49:59] "GET /delivery-availability/?pincode=dzds HTTP/1.1" 200 85
[22/Mar/2026 15:50:06] "POST /checkout/ HTTP/1.1" 302 0
[22/Mar/2026 15:50:07] "GET /order/2/ HTTP/1.1" 200 12207
[22/Mar/2026 15:50:28] "GET / HTTP/1.1" 200 34243
[22/Mar/2026 15:50:59] "GET /notifications/json/ HTTP/1.1" 200 187
[22/Mar/2026 15:51:28] "GET /notifications/json/ HTTP/1.1" 200 187
[22/Mar/2026 15:51:58] "GET /notifications/json/ HTTP/1.1" 200 187
[22/Mar/2026 15:52:28] "GET /notifications/json/ HTTP/1.1" 200 187
[22/Mar/2026 15:52:58] "GET /notifications/json/ HTTP/1.1" 200 187
[22/Mar/2026 15:53:28] "GET /notifications/json/ HTTP/1.1" 200 187
[22/Mar/2026 15:53:58] "GET /notifications/json/ HTTP/1.1" 200 187
[22/Mar/2026 15:54:59] "GET /notifications/json/ HTTP/1.1" 200 187
[22/Mar/2026 15:56:00] "GET /notifications/json/ HTTP/1.1" 200 187
[22/Mar/2026 15:57:01] "GET /notifications/json/ HTTP/1.1" 200 187
[22/Mar/2026 15:58:02] "GET /notifications/json/ HTTP/1.1" 200 187
[22/Mar/2026 15:59:03] "GET /notifications/json/ HTTP/1.1" 200 187
[22/Mar/2026 16:00:04] "GET /notifications/json/ HTTP/1.1" 200 187
[22/Mar/2026 16:01:05] "GET /notifications/json/ HTTP/1.1" 200 187
[22/Mar/2026 16:09:01] "GET /notifications/json/ HTTP/1.1" 200 187
